
[0m[2m[35m$[0m [2m[1mnext build[0m
   [1m[38;2;173;127;168m▲ Next.js 16.0.8[39m[22m (Turbopack)
   - Environments: .env
   - Experiments (use with caution):
     · clientTraceMetadata

 [37m[1m [22m[39m Creating an optimized production build ...
 [32m[1m✓[22m[39m Compiled successfully in 18.9s
[?25l [37m[1m [22m[39m Running next.config.js provided runAfterProductionCompile  [36m.[39m[2K[1G[1A[2K[1G [37m[1m [22m[39m Running next.config.js provided runAfterProductionCompile  [36m..[39m[2K[1G[1A[2K[1G[?25h [32m[1m✓[22m[39m Completed runAfterProductionCompile in 915ms
[?25l [36m.[39m [2K[1G[?25h [37m[1m [22m[39m Skipping validation of types
[?25l [37m[1m [22m[39m Collecting page data using 7 workers  [36m.[39m[2K[1G [37m[1m [22m[39m Collecting page data using 7 workers  [36m..[39m[2K[1G [37m[1m [22m[39m Collecting page data using 7 workers  [36m...[39m[2K[1G [37m[1m [22m[39m Collecting page data using 7 workers  [36m.[39m[2K[1G [37m[1m [22m[39m Collecting page data using 7 workers  [36m..[39m[2K[1G [37m[1m [22m[39m Collecting page data using 7 workers  [36m...[39m[2K[1G [37m[1m [22m[39m Collecting page data using 7 workers  [36m.[39m[2K[1G [37m[1m [22m[39m Collecting page data using 7 workers  [36m..[39m[2K[1G [37m[1m [22m[39m Collecting page data using 7 workers  [36m...[39m[2K[1G [37m[1m [22m[39m Collecting page data using 7 workers  [36m.[39m[2K[1G [37m[1m [22m[39m Collecting page data using 7 workers  [36m..[39m[2K[1G [37m[1m [22m[39m Collecting page data using 7 workers  [36m...[39m[2K[1G [37m[1m [22m[39m Collecting page data using 7 workers  [36m.[39m[2K[1G [37m[1m [22m[39m Collecting page data using 7 workers  [36m..[39m[2K[1G [37m[1m [22m[39m Collecting page data using 7 workers  [36m...[39m[2K[1G [37m[1m [22m[39m Collecting page data using 7 workers  [36m.[39m[2K[1G [37m[1m [22m[39m Collecting page data using 7 workers  [36m..[39m[2K[1G [37m[1m [22m[39m Collecting page data using 7 workers  [36m...[39m[2K[1G [37m[1m [22m[39m Collecting page data using 7 workers  [36m.[39m[2K[1G [37m[1m [22m[39m Collecting page data using 7 workers  [36m..[39m[2K[1G [37m[1m [22m[39m Collecting page data using 7 workers  [36m...[39m[2K[1G [37m[1m [22m[39m Collecting page data using 7 workers  [36m.[39m[2K[1G [37m[1m [22m[39m Collecting page data using 7 workers  [36m..[39m[2K[1G[?25h [37m[1m [22m[39m Collecting page data using 7 workers in 4.8s     [32m[1m✓[22m[39m Collecting page data using 7 workers in 4.8s 
[?25l [37m[1m [22m[39m Generating static pages using 7 workers (0/7)  [36m[    ][39m[2K[1G[1A[2K[1G [37m[1m [22m[39m Generating static pages using 7 workers (0/7)  [36m[=   ][39m[2K[1G[1A[2K[1G [37m[1m [22m[39m Generating static pages using 7 workers (0/7)  [36m[==  ][39m[2K[1G[1A[2K[1G [37m[1m [22m[39m Generating static pages using 7 workers (0/7)  [36m[=== ][39m[2K[1G[1A[2K[1G[?25h [32m[1m✓[22m[39m Generating static pages using 7 workers (7/7) in 698.4ms
[?25l [37m[1m [22m[39m Finalizing page optimization  [36m.[39m[2K[1G[?25h [37m[1m [22m[39m Finalizing page optimization in 37.3ms     [32m[1m✓[22m[39m Finalizing page optimization in 37.3ms 

[4mRoute (app)[24m
┌ ƒ /
├ ƒ /_not-found
├ ƒ /[subdomain]/[slug]
├ ƒ /[subdomain]/board/[slug]
├ ƒ /[subdomain]/board/p/[slug]
├ ƒ /[subdomain]/changelog
├ ƒ /[subdomain]/roadmap
├ ƒ /api/[[...route]]
├ ƒ /api/auth/[...all]
├ ƒ /auth/forgot-password
├ ƒ /auth/set-password
├ ƒ /auth/sign-in
├ ƒ /auth/sign-up
├ ƒ /auth/verify
├ ƒ /invite/[token]
├ ƒ /reserve
├ ƒ /reserve/[token]
├ ○ /robots.txt
├ ○ /sitemap.xml
├ ƒ /start
├ ƒ /workspaces/[slug]
├ ƒ /workspaces/[slug]/account/[section]
├ ƒ /workspaces/[slug]/changelog
├ ƒ /workspaces/[slug]/changelog/[entryId]/edit
├ ƒ /workspaces/[slug]/changelog/new
├ ƒ /workspaces/[slug]/members
├ ƒ /workspaces/[slug]/members/[userId]
├ ƒ /workspaces/[slug]/requests
├ ƒ /workspaces/[slug]/requests/[post]
├ ƒ /workspaces/[slug]/roadmap
├ ƒ /workspaces/[slug]/settings/[section]
└ ƒ /workspaces/new


ƒ Proxy (Middleware)

○  (Static)   prerendered as static content
ƒ  (Dynamic)  server-rendered on demand

[?25h
